[02-04-2026 12:54:18] [INFO    ] __main__ — Logging inicializado — arquivo: logs\inspecao_02_04_2026.log (nível: INFO)
[02-04-2026 12:54:18] [INFO    ] __main__ — ============================================================
[02-04-2026 12:54:18] [INFO    ] __main__ — Sistema de Inspeção 3D v2.0 — iniciando
[02-04-2026 12:54:18] [INFO    ] __main__ — ============================================================
[02-04-2026 12:54:28] [INFO    ] interface — EXECUTAR — ref=False sim=False tol=3.0 defeito=nenhum forma=cilindro
[02-04-2026 12:54:30] [WARNING ] serial_comm — Nenhuma porta serial detectada
[02-04-2026 12:54:30] [ERROR   ] serial_comm — Porta do Arduino não encontrada. Verifique a conexão.
[02-04-2026 12:54:31] [INFO    ] interface — Modo alterado para: Simulado
[02-04-2026 12:54:33] [INFO    ] interface — EXECUTAR — ref=False sim=True tol=3.0 defeito=nenhum forma=cilindro
[02-04-2026 12:54:33] [INFO    ] logica — Executando ICP para alinhar nuvens...
[02-04-2026 12:54:33] [INFO    ] logica — ICP concluído — erro residual: 1.4570 mm
[02-04-2026 12:54:33] [INFO    ] logica — Inspeção concluída — defeitos=535 (10.7%) | dist_med=0.907 mm | dist_max=5.356 mm
[02-04-2026 12:54:34] [INFO    ] interface — Resultado: ❌ PEÇA COM DEFEITO
[02-04-2026 12:57:57] [INFO    ] __main__ — Logging inicializado — arquivo: logs\inspecao_02_04_2026.log (nível: INFO)
[02-04-2026 12:57:57] [INFO    ] __main__ — ============================================================
[02-04-2026 12:57:57] [INFO    ] __main__ — Sistema de Inspeção 3D v2.0 — iniciando
[02-04-2026 12:57:57] [INFO    ] __main__ — ============================================================
[02-04-2026 12:58:02] [INFO    ] interface — Modo alterado para: Simulado
[02-04-2026 13:00:18] [INFO    ] __main__ — Logging inicializado — arquivo: logs\inspecao_02_04_2026.log (nível: INFO)
[02-04-2026 13:00:18] [INFO    ] __main__ — ============================================================
[02-04-2026 13:00:18] [INFO    ] __main__ — Sistema de Inspeção 3D v2.0 — iniciando
[02-04-2026 13:00:18] [INFO    ] __main__ — ============================================================
[02-04-2026 13:00:21] [INFO    ] interface — Modo alterado para: Simulado
[02-04-2026 13:00:51] [INFO    ] interface — EXECUTAR — ref=False sim=True tol=3.0 defeito=nenhum forma=cilindro
[02-04-2026 13:00:51] [INFO    ] logica — Executando ICP para alinhar nuvens...
[02-04-2026 13:00:51] [INFO    ] logica — ICP concluído — erro residual: 1.4248 mm
[02-04-2026 13:00:51] [INFO    ] logica — Inspeção concluída — defeitos=528 (10.6%) | dist_med=0.882 mm | dist_max=5.307 mm
[02-04-2026 13:00:52] [INFO    ] interface — Resultado: ❌ PEÇA COM DEFEITO
[02-04-2026 13:01:41] [INFO    ] __main__ — Logging inicializado — arquivo: logs\inspecao_02_04_2026.log (nível: INFO)
[02-04-2026 13:01:41] [INFO    ] __main__ — ============================================================
[02-04-2026 13:01:41] [INFO    ] __main__ — Sistema de Inspeção 3D v2.0 — iniciando
[02-04-2026 13:01:41] [INFO    ] __main__ — ============================================================
[02-04-2026 13:01:41] [INFO    ] __main__ — Logging inicializado — arquivo: logs\inspecao_02_04_2026.log (nível: INFO)
[02-04-2026 13:01:41] [INFO    ] __main__ — ============================================================
[02-04-2026 13:01:41] [INFO    ] __main__ — Sistema de Inspeção 3D v2.0 — iniciando
[02-04-2026 13:01:41] [INFO    ] __main__ — ============================================================
[02-04-2026 13:01:44] [INFO    ] interface — Modo alterado para: Simulado
[02-04-2026 13:01:50] [INFO    ] logica — STL (Delaunay) salvo: C:/Users/yande/Documents/Trabalho Pet/scanner-3D/teste.stl (2498 triângulos)
[02-04-2026 13:02:52] [INFO    ] interface — Modo alterado para: Simulado
[02-04-2026 13:02:57] [INFO    ] __main__ — Logging inicializado — arquivo: logs\inspecao_02_04_2026.log (nível: INFO)
[02-04-2026 13:02:57] [INFO    ] __main__ — ============================================================
[02-04-2026 13:02:57] [INFO    ] __main__ — Sistema de Inspeção 3D v2.0 — iniciando
[02-04-2026 13:02:57] [INFO    ] __main__ — ============================================================
[02-04-2026 13:03:00] [INFO    ] interface — Modo alterado para: Simulado
[02-04-2026 13:03:07] [INFO    ] logica — STL (Delaunay) salvo: C:/Users/yande/Documents/Trabalho Pet/scanner-3D/teste.stl (2498 triângulos)
[02-04-2026 13:04:15] [INFO    ] __main__ — Logging inicializado — arquivo: logs\inspecao_02_04_2026.log (nível: INFO)
[02-04-2026 13:04:15] [INFO    ] __main__ — ============================================================
[02-04-2026 13:04:15] [INFO    ] __main__ — Sistema de Inspeção 3D v2.0 — iniciando
[02-04-2026 13:04:15] [INFO    ] __main__ — ============================================================
[02-04-2026 13:04:33] [INFO    ] interface — Modo alterado para: Simulado
[02-04-2026 13:08:54] [INFO    ] __main__ — Logging inicializado — arquivo: logs\inspecao_02_04_2026.log (nível: INFO)
[02-04-2026 13:08:54] [INFO    ] __main__ — ============================================================
[02-04-2026 13:08:54] [INFO    ] __main__ — Sistema de Inspeção 3D v2.0 — iniciando
[02-04-2026 13:08:54] [INFO    ] __main__ — ============================================================
[02-04-2026 13:08:58] [INFO    ] interface — Modo alterado para: Simulado
[02-04-2026 13:09:05] [INFO    ] logica — Iniciando Poisson Reconstruction — 2500 pontos, profundidade=8
[02-04-2026 13:09:05] [INFO    ] logica — STL (Poisson) salvo: C:/Users/yande/Documents/Trabalho Pet/scanner-3D/teste.stl (13482 triângulos, profundidade=8)
[02-04-2026 13:09:54] [INFO    ] logica — Iniciando Poisson Reconstruction — 2500 pontos, profundidade=10
[02-04-2026 13:09:55] [INFO    ] logica — STL (Poisson) salvo: C:/Users/yande/Documents/Trabalho Pet/scanner-3D/teste.stl (13261 triângulos, profundidade=10)
[02-04-2026 13:10:32] [INFO    ] logica — Iniciando Poisson Reconstruction — 2500 pontos, profundidade=10
[02-04-2026 13:10:33] [INFO    ] logica — STL (Poisson) salvo: C:/Users/yande/Documents/Trabalho Pet/scanner-3D/teste.stl (11681 triângulos, profundidade=10)
[02-04-2026 13:10:57] [INFO    ] logica — Iniciando Poisson Reconstruction — 2500 pontos, profundidade=8
[02-04-2026 13:10:58] [INFO    ] logica — STL (Poisson) salvo: C:/Users/yande/Documents/Trabalho Pet/scanner-3D/teste.stl (13400 triângulos, profundidade=8)
[02-04-2026 13:11:18] [INFO    ] logica — Iniciando Poisson Reconstruction — 2500 pontos, profundidade=8
[02-04-2026 13:11:19] [INFO    ] logica — STL (Poisson) salvo: C:/Users/yande/Documents/Trabalho Pet/scanner-3D/teste.stl (13416 triângulos, profundidade=8)
[02-04-2026 13:16:33] [INFO    ] logica — Iniciando Poisson Reconstruction — 2440 pontos, profundidade=10
[02-04-2026 13:16:33] [INFO    ] logica — STL (Poisson) salvo: C:/Users/yande/Documents/Trabalho Pet/scanner-3D/teste.stl (13672 triângulos, profundidade=10)
[02-04-2026 13:17:08] [INFO    ] logica — Iniciando Poisson Reconstruction — 2440 pontos, profundidade=10
[02-04-2026 13:17:08] [INFO    ] logica — STL (Poisson) salvo: C:/Users/yande/Documents/Trabalho Pet/scanner-3D/teste.stl (13672 triângulos, profundidade=10)
[02-04-2026 13:17:51] [INFO    ] logica — Iniciando Poisson Reconstruction — 2440 pontos, profundidade=10
[02-04-2026 13:17:52] [INFO    ] logica — STL (Poisson) salvo: C:/Users/yande/Documents/Trabalho Pet/scanner-3D/teste.stl (13672 triângulos, profundidade=10)
[02-04-2026 13:32:53] [INFO    ] logica — Iniciando Poisson Reconstruction — 2500 pontos, profundidade=10
[02-04-2026 13:32:54] [INFO    ] logica — STL (Poisson) salvo: C:/Users/yande/Documents/Trabalho Pet/scanner-3D/teste.stl (13596 triângulos, profundidade=10)
[02-04-2026 13:33:54] [INFO    ] logica — Iniciando Poisson Reconstruction — 2424 pontos, profundidade=8
[02-04-2026 13:33:54] [INFO    ] logica — STL (Poisson) salvo: C:/Users/yande/Documents/Trabalho Pet/scanner-3D/teste.stl (12190 triângulos, profundidade=8)
[02-04-2026 13:34:06] [INFO    ] logica — Iniciando Poisson Reconstruction — 2424 pontos, profundidade=10
[02-04-2026 13:34:07] [INFO    ] logica — STL (Poisson) salvo: C:/Users/yande/Documents/Trabalho Pet/scanner-3D/teste.stl (12190 triângulos, profundidade=10)
[02-04-2026 13:36:48] [INFO    ] __main__ — Logging inicializado — arquivo: logs\inspecao_02_04_2026.log (nível: INFO)
[02-04-2026 13:36:48] [INFO    ] __main__ — ============================================================
[02-04-2026 13:36:48] [INFO    ] __main__ — Sistema de Inspeção 3D v2.0 — iniciando
[02-04-2026 13:36:48] [INFO    ] __main__ — ============================================================
[02-04-2026 13:36:51] [INFO    ] interface — Modo alterado para: Simulado
[02-04-2026 13:37:06] [INFO    ] logica — Iniciando Poisson Reconstruction — 2500 pontos, profundidade=10
[02-04-2026 13:37:07] [INFO    ] logica — STL (Poisson) salvo: C:/Users/yande/Documents/Trabalho Pet/scanner-3D/teste.stl (13737 triângulos, profundidade=10)
[02-04-2026 13:44:09] [INFO    ] logica — Iniciando Poisson Reconstruction — 2425 pontos, profundidade=10
[02-04-2026 13:44:09] [INFO    ] logica — STL (Poisson) salvo: C:/Users/yande/Documents/Trabalho Pet/scanner-3D/teste.stl (13541 triângulos, profundidade=10)
[02-04-2026 13:45:11] [INFO    ] __main__ — Logging inicializado — arquivo: logs\inspecao_02_04_2026.log (nível: INFO)
[02-04-2026 13:45:11] [INFO    ] __main__ — ============================================================
[02-04-2026 13:45:11] [INFO    ] __main__ — Sistema de Inspeção 3D v2.0 — iniciando
[02-04-2026 13:45:11] [INFO    ] __main__ — ============================================================
[02-04-2026 13:45:14] [INFO    ] interface — Modo alterado para: Simulado
[02-04-2026 13:45:35] [INFO    ] logica — Iniciando Poisson Reconstruction — 2500 pontos, profundidade=10
[02-04-2026 13:45:36] [INFO    ] logica — STL (Poisson) salvo: C:/Users/yande/Documents/Trabalho Pet/scanner-3D/teste.stl (13962 triângulos, profundidade=10)
[02-04-2026 13:46:32] [INFO    ] logica — Iniciando Poisson Reconstruction — 2439 pontos, profundidade=10
[02-04-2026 13:46:33] [INFO    ] logica — STL (Poisson) salvo: C:/Users/yande/Documents/Trabalho Pet/scanner-3D/teste.stl (12794 triângulos, profundidade=10)
[02-04-2026 13:59:23] [INFO    ] __main__ — Logging inicializado — arquivo: logs\inspecao_02_04_2026.log (nível: INFO)
[02-04-2026 13:59:23] [INFO    ] __main__ — ============================================================
[02-04-2026 13:59:23] [INFO    ] __main__ — Sistema de Inspeção 3D v2.0 — iniciando
[02-04-2026 13:59:23] [INFO    ] __main__ — ============================================================
[02-04-2026 13:59:26] [INFO    ] interface — Modo alterado para: Simulado
[02-04-2026 13:59:40] [INFO    ] logica — Iniciando Poisson Reconstruction — 2421 pontos, profundidade=8
[02-04-2026 13:59:40] [INFO    ] logica — STL (Poisson) salvo: C:/Users/yande/Documents/Trabalho Pet/scanner-3D/teste.stl (3968 triângulos, profundidade=8)
[02-04-2026 14:09:09] [INFO    ] __main__ — Logging inicializado — arquivo: logs\inspecao_02_04_2026.log (nível: INFO)
[02-04-2026 14:09:09] [INFO    ] __main__ — ============================================================
[02-04-2026 14:09:09] [INFO    ] __main__ — Sistema de Inspeção 3D v2.0 — iniciando
[02-04-2026 14:09:09] [INFO    ] __main__ — ============================================================
[02-04-2026 14:09:13] [INFO    ] interface — Modo alterado para: Simulado
[02-04-2026 14:09:26] [INFO    ] logica — Iniciando Poisson Reconstruction — 2500 pontos, profundidade=9
[02-04-2026 14:09:26] [INFO    ] logica — STL (Poisson) salvo: C:/Users/yande/Documents/Trabalho Pet/scanner-3D/teste.stl (4862 triângulos, profundidade=9)
[02-04-2026 14:10:53] [INFO    ] __main__ — Logging inicializado — arquivo: logs\inspecao_02_04_2026.log (nível: INFO)
[02-04-2026 14:10:53] [INFO    ] __main__ — ============================================================
[02-04-2026 14:10:53] [INFO    ] __main__ — Sistema de Inspeção 3D v2.0 — iniciando
[02-04-2026 14:10:53] [INFO    ] __main__ — ============================================================
[02-04-2026 14:11:01] [INFO    ] interface — Modo alterado para: Simulado
[02-04-2026 14:11:09] [INFO    ] logica — Iniciando Poisson Reconstruction — 2500 pontos, profundidade=8
[02-04-2026 14:11:09] [INFO    ] logica — STL (Poisson) salvo: C:/Users/yande/Documents/Trabalho Pet/scanner-3D/teste.stl (4819 triângulos, profundidade=8)
[02-04-2026 14:11:59] [INFO    ] __main__ — Logging inicializado — arquivo: logs\inspecao_02_04_2026.log (nível: INFO)
[02-04-2026 14:11:59] [INFO    ] __main__ — ============================================================
[02-04-2026 14:11:59] [INFO    ] __main__ — Sistema de Inspeção 3D v2.0 — iniciando
[02-04-2026 14:11:59] [INFO    ] __main__ — ============================================================
[02-04-2026 14:12:02] [INFO    ] interface — Modo alterado para: Simulado
[02-04-2026 14:12:10] [INFO    ] logica — Iniciando Poisson Reconstruction — 2500 pontos, profundidade=8
[02-04-2026 14:12:10] [INFO    ] logica — STL (Poisson) salvo: C:/Users/yande/Documents/Trabalho Pet/scanner-3D/teste.stl (4888 triângulos, profundidade=8)
[02-04-2026 14:12:52] [INFO    ] logica — Iniciando Poisson Reconstruction — 2422 pontos, profundidade=8
[02-04-2026 14:12:52] [INFO    ] logica — STL (Poisson) salvo: C:/Users/yande/Documents/Trabalho Pet/scanner-3D/teste.stl (4701 triângulos, profundidade=8)
[02-04-2026 14:44:32] [INFO    ] __main__ — Logging inicializado — arquivo: logs\inspecao_02_04_2026.log (nível: INFO)
[02-04-2026 14:44:32] [INFO    ] __main__ — ============================================================
[02-04-2026 14:44:32] [INFO    ] __main__ — Sistema de Inspeção 3D v2.0 — iniciando
[02-04-2026 14:44:32] [INFO    ] __main__ — ============================================================
[02-04-2026 14:45:39] [INFO    ] __main__ — Logging inicializado — arquivo: logs\inspecao_02_04_2026.log (nível: INFO)
[02-04-2026 14:45:39] [INFO    ] __main__ — ============================================================
[02-04-2026 14:45:39] [INFO    ] __main__ — Sistema de Inspeção 3D v2.0 — iniciando
[02-04-2026 14:45:39] [INFO    ] __main__ — ============================================================
[02-04-2026 14:45:42] [INFO    ] interface — Modo alterado para: Simulado
[02-04-2026 14:45:51] [INFO    ] logica — Iniciando Poisson Reconstruction — 2500 pontos, profundidade=8
[02-04-2026 14:45:51] [INFO    ] logica — STL (Poisson) salvo: C:/Users/yande/Documents/Trabalho Pet/scanner-3D/teste.stl (4847 triângulos, profundidade=8)
[02-04-2026 14:48:05] [INFO    ] __main__ — Logging inicializado — arquivo: logs\inspecao_02_04_2026.log (nível: INFO)
[02-04-2026 14:48:05] [INFO    ] __main__ — ============================================================
[02-04-2026 14:48:05] [INFO    ] __main__ — Sistema de Inspeção 3D v2.0 — iniciando
[02-04-2026 14:48:05] [INFO    ] __main__ — ============================================================
[02-04-2026 14:48:09] [INFO    ] interface — Modo alterado para: Simulado
[02-04-2026 14:48:44] [INFO    ] logica — Iniciando Poisson Reconstruction — 2500 pontos, profundidade=8
[02-04-2026 14:48:44] [INFO    ] logica — STL (Poisson) salvo: C:/Users/yande/Documents/Trabalho Pet/scanner-3D/teste.stl (4881 triângulos, profundidade=8)
[02-04-2026 14:49:47] [INFO    ] __main__ — Logging inicializado — arquivo: logs\inspecao_02_04_2026.log (nível: INFO)
[02-04-2026 14:49:47] [INFO    ] __main__ — ============================================================
[02-04-2026 14:49:47] [INFO    ] __main__ — Sistema de Inspeção 3D v2.0 — iniciando
[02-04-2026 14:49:47] [INFO    ] __main__ — ============================================================
[02-04-2026 14:49:50] [INFO    ] interface — Modo alterado para: Simulado
[02-04-2026 14:49:58] [INFO    ] logica — Iniciando Poisson Reconstruction — 2500 pontos, profundidade=8
[02-04-2026 14:49:59] [INFO    ] logica — STL (Poisson) salvo: C:/Users/yande/Documents/Trabalho Pet/scanner-3D/teste.stl (4883 triângulos, profundidade=8)
[02-04-2026 14:52:41] [INFO    ] __main__ — Logging inicializado — arquivo: logs\inspecao_02_04_2026.log (nível: INFO)
[02-04-2026 14:52:41] [INFO    ] __main__ — ============================================================
[02-04-2026 14:52:41] [INFO    ] __main__ — Sistema de Inspeção 3D v2.0 — iniciando
[02-04-2026 14:52:41] [INFO    ] __main__ — ============================================================
[02-04-2026 14:52:44] [INFO    ] interface — Modo alterado para: Simulado
[02-04-2026 14:54:14] [INFO    ] __main__ — Logging inicializado — arquivo: logs\inspecao_02_04_2026.log (nível: INFO)
[02-04-2026 14:54:14] [INFO    ] __main__ — ============================================================
[02-04-2026 14:54:14] [INFO    ] __main__ — Sistema de Inspeção 3D v2.0 — iniciando
[02-04-2026 14:54:14] [INFO    ] __main__ — ============================================================
[02-04-2026 14:54:18] [INFO    ] interface — Modo alterado para: Simulado
[02-04-2026 15:00:30] [INFO    ] __main__ — Logging inicializado — arquivo: logs\inspecao_02_04_2026.log (nível: INFO)
[02-04-2026 15:00:30] [INFO    ] __main__ — ============================================================
[02-04-2026 15:00:30] [INFO    ] __main__ — Sistema de Inspeção 3D v2.0 — iniciando
[02-04-2026 15:00:30] [INFO    ] __main__ — ============================================================
[02-04-2026 15:00:34] [INFO    ] interface — Modo alterado para: Simulado
[02-04-2026 15:05:23] [INFO    ] __main__ — Logging inicializado — arquivo: logs\inspecao_02_04_2026.log (nível: INFO)
[02-04-2026 15:05:23] [INFO    ] __main__ — ============================================================
[02-04-2026 15:05:23] [INFO    ] __main__ — Sistema de Inspeção 3D v2.0 — iniciando
[02-04-2026 15:05:23] [INFO    ] __main__ — ============================================================
[02-04-2026 15:05:26] [INFO    ] interface — Modo alterado para: Simulado
[02-04-2026 15:08:14] [INFO    ] __main__ — Logging inicializado — arquivo: logs\inspecao_02_04_2026.log (nível: INFO)
[02-04-2026 15:08:14] [INFO    ] __main__ — ============================================================
[02-04-2026 15:08:14] [INFO    ] __main__ — Sistema de Inspeção 3D v2.0 — iniciando
[02-04-2026 15:08:14] [INFO    ] __main__ — ============================================================
[02-04-2026 15:08:17] [INFO    ] interface — Modo alterado para: Simulado
[02-04-2026 15:08:21] [INFO    ] logica — Iniciando BPA — 2500 pontos
[02-04-2026 15:08:22] [INFO    ] logica — STL (BPA) salvo: C:/Users/yande/Documents/Trabalho Pet/scanner-3D/teste.stl (4864 triângulos)
[02-04-2026 15:08:48] [INFO    ] interface — Modo alterado para: Real
[02-04-2026 15:09:04] [INFO    ] interface — Modo alterado para: Simulado
[02-04-2026 15:14:10] [INFO    ] __main__ — Logging inicializado — arquivo: logs\inspecao_02_04_2026.log (nível: INFO)
[02-04-2026 15:14:10] [INFO    ] __main__ — ============================================================
[02-04-2026 15:14:10] [INFO    ] __main__ — Sistema de Inspeção 3D v2.0 — iniciando
[02-04-2026 15:14:10] [INFO    ] __main__ — ============================================================
[02-04-2026 15:14:12] [INFO    ] interface — Modo alterado para: Simulado
[02-04-2026 15:14:21] [INFO    ] logica — Iniciando BPA — 2500 pontos
[02-04-2026 15:14:21] [INFO    ] logica — STL (BPA) salvo: C:/Users/yande/Documents/Trabalho Pet/scanner-3D/teste.stl (4521 triângulos)
